<?xml version="1.0" encoding="UTF-8"?>
<!-- Generated by org.testng.reporters.JUnitXMLReporter -->
<testsuite ignored="24" hostname="User" failures="2" tests="25" name="Surefire test" time="510.513" errors="0" timestamp="2024-11-08T12:38:09 IST">
  <testcase classname="com.CRM.ContactTest.TestScriptForCont" name="createContact" time="15.774"/>
  <testcase classname="com.CRM.ContactTest.TestScriptForCont" name="createContactWithDate" time="12.785"/>
  <testcase classname="com.CRM.ContactTest.TestScriptForCont" name="createContactWithOrgCredentials" time="50.188"/>
  <testcase classname="com.CRM.LeadsTest.TestScriptForLeads" name="createLeads" time="13.199"/>
  <testcase classname="com.CRM.LeadsTest.TestScriptForLeads" name="createLeadsWithContact" time="12.778"/>
  <testcase classname="com.CRM.LeadsTest.TestScriptForLeads" name="createLeadsWithCredenials" time="14.126"/>
  <testcase classname="com.CRM.OrganisationTest.TestScriptForOrganisation" name="createOrg" time="13.265">
    <skipped/>
  </testcase> <!-- createOrg -->
  <testcase classname="com.CRM.OrganisationTest.TestScriptForOrganisation" name="createOrg" time="13.279">
    <skipped/>
  </testcase> <!-- createOrg -->
  <testcase classname="com.CRM.OrganisationTest.TestScriptForOrganisation" name="createOrg" time="13.773">
    <failure type="java.lang.AssertionError" message="The following asserts failed:
	Organization is created expected [Facebook_60095] but found [Facebook_6009]">
      <![CDATA[java.lang.AssertionError: The following asserts failed:
Organization is created expected [Facebook_60095] but found [Facebook_6009]
at com.CRM.ObjectRepository.OrganisationInfoPage.verifyOrgName(OrganisationInfoPage.java:119)
at com.CRM.OrganisationTest.TestScriptForOrganisation.createOrg(TestScriptForOrganisation.java:33)
at java.base/java.util.ArrayList.forEach(ArrayList.java:1511)
... Removed 34 stack frames]]>
    </failure>
  </testcase> <!-- createOrg -->
  <testcase classname="com.CRM.OrganisationTest.TestScriptForOrganisation" name="createOrgWithContact" time="13.932"/>
  <testcase classname="com.CRM.OrganisationTest.TestScriptForOrganisation" name="createOrgWithCredentials" time="14.01"/>
  <testcase classname="com.CRM.OrganisationTest.TestScriptForOrganisation" name="deleteOrg" time="38.106"/>
  <testcase classname="com.CRM.ProductsTest.TestScriptForProducts" name="addProductName" time="16.243"/>
  <testcase classname="com.CRM.ProductsTest.TestScriptForProducts" name="addProductWithCredentials" time="13.948"/>
  <testcase classname="com.CRM.ProductsTest.TestScriptForProducts" name="addProductWithDate" time="14.252"/>
  <testcase classname="com.CRM.ServicesTest.TestScriptForServices" name="addServiceName" time="11.683"/>
  <testcase classname="com.CRM.ServicesTest.TestScriptForServices" name="addServicesWithCredentials" time="12.902"/>
  <testcase classname="com.CRM.ServicesTest.TestScriptForServices" name="addServiceswithDate" time="12.829"/>
  <testcase classname="LearnConfigAnnotationsWithBaseClass.TestScriptForContacts" name="executeForCreatingContact" time="0.013">
    <skipped/>
  </testcase> <!-- executeForCreatingContact -->
  <testcase classname="LearnConfigAnnotationsWithBaseClass.TestScriptForContacts" name="executeForCreatingContact" time="0.018">
    <skipped/>
  </testcase> <!-- executeForCreatingContact -->
  <testcase classname="LearnConfigAnnotationsWithBaseClass.TestScriptForContacts" name="executeForCreatingContact" time="0.015">
    <failure type="java.lang.AssertionError" message="expected [HRM] but found [Administrator - Home - vtiger CRM 5 - Commercial Open Source CRM]">
      <![CDATA[java.lang.AssertionError: expected [HRM] but found [Administrator - Home - vtiger CRM 5 - Commercial Open Source CRM]
at LearnConfigAnnotationsWithBaseClass.TestScriptForContacts.executeForCreatingContact(TestScriptForContacts.java:15)
at java.base/java.util.ArrayList.forEach(ArrayList.java:1511)
... Removed 38 stack frames]]>
    </failure>
  </testcase> <!-- executeForCreatingContact -->
  <testcase classname="LearnConfigAnnotationsWithBaseClass.TestScriptForContacts" name="executeForCreatingContactWithDate" time="0.0"/>
  <testcase classname="LearnConfigAnnotationsWithBaseClass.TestScriptForOrg" name="executeForCreatingOrg" time="0.001"/>
  <testcase classname="LearnConfigAnnotationsWithBaseClass.TestScriptForOrg" name="executeForCreatingOrgWithIndustry" time="0.0"/>
  <testcase classname="LearnTestNGScreenshots.TestNGScreenshot" name="amazonPage" time="3.282"/>
  <testcase classname="com.CRM.BaseClass.BaseClassForCRM" name="@BeforeTest beforeTest" time="0.0">
    <ignored/>
  </testcase> <!-- @BeforeTest beforeTest -->
  <testcase classname="com.CRM.BaseClass.BaseClassForCRM" name="@AfterSuite afterSuite" time="0.0">
    <ignored/>
  </testcase> <!-- @AfterSuite afterSuite -->
  <testcase classname="com.CRM.BaseClass.BaseClassForCRM" name="@BeforeSuite beforeSuite" time="0.0">
    <ignored/>
  </testcase> <!-- @BeforeSuite beforeSuite -->
  <testcase classname="com.CRM.BaseClass.BaseClassForCRM" name="@BeforeSuite beforeSuite" time="0.0">
    <ignored/>
  </testcase> <!-- @BeforeSuite beforeSuite -->
  <testcase classname="com.CRM.BaseClass.BaseClassForCRM" name="@AfterTest afterTest" time="0.0">
    <ignored/>
  </testcase> <!-- @AfterTest afterTest -->
  <testcase classname="com.CRM.BaseClass.BaseClassForCRM" name="@BeforeSuite beforeSuite" time="0.0">
    <ignored/>
  </testcase> <!-- @BeforeSuite beforeSuite -->
  <testcase classname="com.CRM.BaseClass.BaseClassForCRM" name="@AfterSuite afterSuite" time="0.0">
    <ignored/>
  </testcase> <!-- @AfterSuite afterSuite -->
  <testcase classname="com.CRM.BaseClass.BaseClassForCRM" name="@AfterSuite afterSuite" time="0.0">
    <ignored/>
  </testcase> <!-- @AfterSuite afterSuite -->
  <testcase classname="com.CRM.BaseClass.BaseClassForCRM" name="@AfterTest afterTest" time="0.0">
    <ignored/>
  </testcase> <!-- @AfterTest afterTest -->
  <testcase classname="com.CRM.BaseClass.BaseClassForCRM" name="@BeforeTest beforeTest" time="0.0">
    <ignored/>
  </testcase> <!-- @BeforeTest beforeTest -->
  <testcase classname="com.CRM.BaseClass.BaseClassForCRM" name="@AfterSuite afterSuite" time="0.0">
    <ignored/>
  </testcase> <!-- @AfterSuite afterSuite -->
  <testcase classname="com.CRM.BaseClass.BaseClassForCRM" name="@BeforeTest beforeTest" time="0.0">
    <ignored/>
  </testcase> <!-- @BeforeTest beforeTest -->
  <testcase classname="com.CRM.BaseClass.BaseClassForCRM" name="@BeforeTest beforeTest" time="0.0">
    <ignored/>
  </testcase> <!-- @BeforeTest beforeTest -->
  <testcase classname="com.CRM.BaseClass.BaseClassForCRM" name="@BeforeSuite beforeSuite" time="0.0">
    <ignored/>
  </testcase> <!-- @BeforeSuite beforeSuite -->
  <testcase classname="com.CRM.BaseClass.BaseClassForCRM" name="@AfterTest afterTest" time="0.0">
    <ignored/>
  </testcase> <!-- @AfterTest afterTest -->
  <testcase classname="com.CRM.BaseClass.BaseClassForCRM" name="@BeforeSuite beforeSuite" time="0.0">
    <ignored/>
  </testcase> <!-- @BeforeSuite beforeSuite -->
  <testcase classname="com.CRM.BaseClass.BaseClassForCRM" name="@AfterTest afterTest" time="0.0">
    <ignored/>
  </testcase> <!-- @AfterTest afterTest -->
  <testcase classname="com.CRM.BaseClass.BaseClassForCRM" name="@BeforeTest beforeTest" time="0.0">
    <ignored/>
  </testcase> <!-- @BeforeTest beforeTest -->
  <testcase classname="com.CRM.BaseClass.BaseClassForCRM" name="@AfterSuite afterSuite" time="0.0">
    <ignored/>
  </testcase> <!-- @AfterSuite afterSuite -->
  <testcase classname="com.CRM.BaseClass.BaseClassForCRM" name="@AfterTest afterTest" time="0.0">
    <ignored/>
  </testcase> <!-- @AfterTest afterTest -->
  <testcase classname="com.CRM.BaseClass.BaseClassForCRM" name="@BeforeSuite beforeSuite" time="0.0">
    <ignored/>
  </testcase> <!-- @BeforeSuite beforeSuite -->
  <testcase classname="com.CRM.BaseClass.BaseClassForCRM" name="@AfterSuite afterSuite" time="0.0">
    <ignored/>
  </testcase> <!-- @AfterSuite afterSuite -->
  <testcase classname="com.CRM.BaseClass.BaseClassForCRM" name="@AfterTest afterTest" time="0.0">
    <ignored/>
  </testcase> <!-- @AfterTest afterTest -->
  <testcase classname="com.CRM.BaseClass.BaseClassForCRM" name="@BeforeTest beforeTest" time="0.0">
    <ignored/>
  </testcase> <!-- @BeforeTest beforeTest -->
</testsuite> <!-- Surefire test -->
