<?xml version="1.0" encoding="UTF-8"?>
<testng-results retried="4" ignored="24" total="49" passed="19" failed="2" skipped="0">
  <reporter-output>
    <line>
      <![CDATA[I--Suite Execution Starts.....]]>
    </line>
    <line>
      <![CDATA[I--Test Execution Starts.....]]>
    </line>
    <line>
      <![CDATA[I--Test Execution Starts.....]]>
    </line>
    <line>
      <![CDATA[I--Test Execution Success.....]]>
    </line>
    <line>
      <![CDATA[I--Test Execution Starts.....]]>
    </line>
    <line>
      <![CDATA[I--Test Execution Success.....]]>
    </line>
    <line>
      <![CDATA[I--Test Execution Starts.....]]>
    </line>
    <line>
      <![CDATA[I--Test Execution Success.....]]>
    </line>
    <line>
      <![CDATA[I--Test Execution Starts.....]]>
    </line>
    <line>
      <![CDATA[I--Test Execution Success.....]]>
    </line>
    <line>
      <![CDATA[I--Test Execution Starts.....]]>
    </line>
    <line>
      <![CDATA[I--Test Execution Success.....]]>
    </line>
    <line>
      <![CDATA[I--Test Execution Starts.....]]>
    </line>
    <line>
      <![CDATA[I--Test Execution Success.....]]>
    </line>
    <line>
      <![CDATA[I--Test Execution Starts.....]]>
    </line>
    <line>
      <![CDATA[I--Test Execution Skipped.....]]>
    </line>
    <line>
      <![CDATA[I--Test Execution Starts.....]]>
    </line>
    <line>
      <![CDATA[I--Test Execution Skipped.....]]>
    </line>
    <line>
      <![CDATA[I--Test Execution Starts.....]]>
    </line>
    <line>
      <![CDATA[I--Test Execution Fails.....]]>
    </line>
    <line>
      <![CDATA[Screenshot is Taken....]]>
    </line>
    <line>
      <![CDATA[I--Test Execution Starts.....]]>
    </line>
    <line>
      <![CDATA[I--Test Execution Success.....]]>
    </line>
    <line>
      <![CDATA[I--Test Execution Starts.....]]>
    </line>
    <line>
      <![CDATA[I--Test Execution Success.....]]>
    </line>
    <line>
      <![CDATA[I--Test Execution Starts.....]]>
    </line>
    <line>
      <![CDATA[Organisation deleted Successfully.......]]>
    </line>
    <line>
      <![CDATA[I--Test Execution Success.....]]>
    </line>
    <line>
      <![CDATA[I--Test Execution Starts.....]]>
    </line>
    <line>
      <![CDATA[I--Test Execution Success.....]]>
    </line>
    <line>
      <![CDATA[I--Test Execution Starts.....]]>
    </line>
    <line>
      <![CDATA[I--Test Execution Success.....]]>
    </line>
    <line>
      <![CDATA[I--Test Execution Starts.....]]>
    </line>
    <line>
      <![CDATA[I--Test Execution Success.....]]>
    </line>
    <line>
      <![CDATA[I--Test Execution Starts.....]]>
    </line>
    <line>
      <![CDATA[Data is saved.....]]>
    </line>
    <line>
      <![CDATA[I--Test Execution Success.....]]>
    </line>
    <line>
      <![CDATA[I--Test Execution Starts.....]]>
    </line>
    <line>
      <![CDATA[Data is saved.....]]>
    </line>
    <line>
      <![CDATA[I--Test Execution Success.....]]>
    </line>
    <line>
      <![CDATA[I--Test Execution Starts.....]]>
    </line>
    <line>
      <![CDATA[Data is saved.....]]>
    </line>
    <line>
      <![CDATA[I--Test Execution Success.....]]>
    </line>
    <line>
      <![CDATA[I--Test Execution Starts.....]]>
    </line>
    <line>
      <![CDATA[I--Test Execution Skipped.....]]>
    </line>
    <line>
      <![CDATA[I--Test Execution Starts.....]]>
    </line>
    <line>
      <![CDATA[I--Test Execution Skipped.....]]>
    </line>
    <line>
      <![CDATA[I--Test Execution Starts.....]]>
    </line>
    <line>
      <![CDATA[I--Test Execution Fails.....]]>
    </line>
    <line>
      <![CDATA[Screenshot is Taken....]]>
    </line>
    <line>
      <![CDATA[I--Test Execution Starts.....]]>
    </line>
    <line>
      <![CDATA[I--Test Execution Success.....]]>
    </line>
    <line>
      <![CDATA[I--Test Execution Starts.....]]>
    </line>
    <line>
      <![CDATA[I--Test Execution Success.....]]>
    </line>
    <line>
      <![CDATA[I--Test Execution Starts.....]]>
    </line>
    <line>
      <![CDATA[I--Test Execution Success.....]]>
    </line>
    <line>
      <![CDATA[I--Test Execution Starts.....]]>
    </line>
    <line>
      <![CDATA[I--Test Execution Success.....]]>
    </line>
  </reporter-output>
  <suite started-at="2024-11-08T12:29:39 IST" name="Surefire suite" finished-at="2024-11-08T12:38:09 IST" duration-ms="510513">
    <groups>
      <group name="regression">
        <method signature="TestScriptForCont.createContactWithDate()[pri:0, instance:com.CRM.ContactTest.TestScriptForCont@21de60b4]" name="createContactWithDate" class="com.CRM.ContactTest.TestScriptForCont"/>
        <method signature="TestScriptForCont.createContactWithOrgCredentials()[pri:0, instance:com.CRM.ContactTest.TestScriptForCont@21de60b4]" name="createContactWithOrgCredentials" class="com.CRM.ContactTest.TestScriptForCont"/>
        <method signature="TestScriptForLeads.createLeadsWithContact()[pri:0, instance:com.CRM.LeadsTest.TestScriptForLeads@5e82df6a]" name="createLeadsWithContact" class="com.CRM.LeadsTest.TestScriptForLeads"/>
        <method signature="TestScriptForLeads.createLeadsWithCredenials()[pri:0, instance:com.CRM.LeadsTest.TestScriptForLeads@5e82df6a]" name="createLeadsWithCredenials" class="com.CRM.LeadsTest.TestScriptForLeads"/>
        <method signature="TestScriptForOrganisation.createOrgWithContact()[pri:0, instance:com.CRM.OrganisationTest.TestScriptForOrganisation@3f197a46]" name="createOrgWithContact" class="com.CRM.OrganisationTest.TestScriptForOrganisation"/>
        <method signature="TestScriptForOrganisation.createOrgWithCredentials()[pri:0, instance:com.CRM.OrganisationTest.TestScriptForOrganisation@3f197a46]" name="createOrgWithCredentials" class="com.CRM.OrganisationTest.TestScriptForOrganisation"/>
        <method signature="TestScriptForOrganisation.deleteOrg()[pri:0, instance:com.CRM.OrganisationTest.TestScriptForOrganisation@3f197a46]" name="deleteOrg" class="com.CRM.OrganisationTest.TestScriptForOrganisation"/>
        <method signature="TestScriptForProducts.addProductWithCredentials()[pri:0, instance:com.CRM.ProductsTest.TestScriptForProducts@636be97c]" name="addProductWithCredentials" class="com.CRM.ProductsTest.TestScriptForProducts"/>
        <method signature="TestScriptForProducts.addProductWithDate()[pri:0, instance:com.CRM.ProductsTest.TestScriptForProducts@636be97c]" name="addProductWithDate" class="com.CRM.ProductsTest.TestScriptForProducts"/>
        <method signature="TestScriptForServices.addServicesWithCredentials()[pri:0, instance:com.CRM.ServicesTest.TestScriptForServices@50a638b5]" name="addServicesWithCredentials" class="com.CRM.ServicesTest.TestScriptForServices"/>
        <method signature="TestScriptForServices.addServiceswithDate()[pri:0, instance:com.CRM.ServicesTest.TestScriptForServices@50a638b5]" name="addServiceswithDate" class="com.CRM.ServicesTest.TestScriptForServices"/>
      </group> <!-- regression -->
      <group name="smoke">
        <method signature="TestScriptForCont.createContact()[pri:0, instance:com.CRM.ContactTest.TestScriptForCont@21de60b4]" name="createContact" class="com.CRM.ContactTest.TestScriptForCont"/>
        <method signature="TestScriptForLeads.createLeads()[pri:0, instance:com.CRM.LeadsTest.TestScriptForLeads@5e82df6a]" name="createLeads" class="com.CRM.LeadsTest.TestScriptForLeads"/>
        <method signature="TestScriptForOrganisation.createOrg()[pri:0, instance:com.CRM.OrganisationTest.TestScriptForOrganisation@3f197a46]" name="createOrg" class="com.CRM.OrganisationTest.TestScriptForOrganisation"/>
        <method signature="TestScriptForProducts.addProductName()[pri:0, instance:com.CRM.ProductsTest.TestScriptForProducts@636be97c]" name="addProductName" class="com.CRM.ProductsTest.TestScriptForProducts"/>
        <method signature="TestScriptForServices.addServiceName()[pri:0, instance:com.CRM.ServicesTest.TestScriptForServices@50a638b5]" name="addServiceName" class="com.CRM.ServicesTest.TestScriptForServices"/>
      </group> <!-- smoke -->
    </groups>
    <test started-at="2024-11-08T12:29:39 IST" name="Surefire test" finished-at="2024-11-08T12:38:09 IST" duration-ms="510513">
      <class name="com.CRM.LeadsTest.TestScriptForLeads">
        <test-method is-config="true" signature="beforeClass(java.lang.String)[pri:0, instance:com.CRM.LeadsTest.TestScriptForLeads@5e82df6a]" started-at="2024-11-08T12:31:23 IST" name="beforeClass" finished-at="2024-11-08T12:31:24 IST" duration-ms="1760" status="PASS">
          <params>
            <param index="0">
              <value>
                <![CDATA[chrome]]>
              </value>
            </param>
          </params>
          <reporter-output>
          </reporter-output>
        </test-method> <!-- beforeClass -->
        <test-method is-config="true" signature="beforeMethod()[pri:0, instance:com.CRM.LeadsTest.TestScriptForLeads@5e82df6a]" started-at="2024-11-08T12:31:24 IST" name="beforeMethod" finished-at="2024-11-08T12:31:29 IST" duration-ms="4404" status="PASS">
          <reporter-output>
          </reporter-output>
        </test-method> <!-- beforeMethod -->
        <test-method signature="createLeads()[pri:0, instance:com.CRM.LeadsTest.TestScriptForLeads@5e82df6a]" started-at="2024-11-08T12:31:29 IST" name="createLeads" finished-at="2024-11-08T12:31:42 IST" duration-ms="13199" status="PASS">
          <reporter-output>
            <line>
              <![CDATA[I--Test Execution Starts.....]]>
            </line>
            <line>
              <![CDATA[I--Test Execution Success.....]]>
            </line>
          </reporter-output>
        </test-method> <!-- createLeads -->
        <test-method is-config="true" signature="afterMethod()[pri:0, instance:com.CRM.LeadsTest.TestScriptForLeads@5e82df6a]" started-at="2024-11-08T12:31:42 IST" name="afterMethod" finished-at="2024-11-08T12:31:44 IST" duration-ms="2440" status="PASS">
          <reporter-output>
          </reporter-output>
        </test-method> <!-- afterMethod -->
        <test-method is-config="true" signature="beforeMethod()[pri:0, instance:com.CRM.LeadsTest.TestScriptForLeads@5e82df6a]" started-at="2024-11-08T12:31:44 IST" name="beforeMethod" finished-at="2024-11-08T12:31:49 IST" duration-ms="4455" status="PASS">
          <reporter-output>
          </reporter-output>
        </test-method> <!-- beforeMethod -->
        <test-method signature="createLeadsWithContact()[pri:0, instance:com.CRM.LeadsTest.TestScriptForLeads@5e82df6a]" started-at="2024-11-08T12:31:49 IST" name="createLeadsWithContact" finished-at="2024-11-08T12:32:02 IST" duration-ms="12778" status="PASS">
          <reporter-output>
            <line>
              <![CDATA[I--Test Execution Starts.....]]>
            </line>
            <line>
              <![CDATA[I--Test Execution Success.....]]>
            </line>
          </reporter-output>
        </test-method> <!-- createLeadsWithContact -->
        <test-method is-config="true" signature="afterMethod()[pri:0, instance:com.CRM.LeadsTest.TestScriptForLeads@5e82df6a]" started-at="2024-11-08T12:32:02 IST" name="afterMethod" finished-at="2024-11-08T12:32:04 IST" duration-ms="2236" status="PASS">
          <reporter-output>
          </reporter-output>
        </test-method> <!-- afterMethod -->
        <test-method is-config="true" signature="beforeMethod()[pri:0, instance:com.CRM.LeadsTest.TestScriptForLeads@5e82df6a]" started-at="2024-11-08T12:32:04 IST" name="beforeMethod" finished-at="2024-11-08T12:32:08 IST" duration-ms="4262" status="PASS">
          <reporter-output>
          </reporter-output>
        </test-method> <!-- beforeMethod -->
        <test-method signature="createLeadsWithCredenials()[pri:0, instance:com.CRM.LeadsTest.TestScriptForLeads@5e82df6a]" started-at="2024-11-08T12:32:08 IST" name="createLeadsWithCredenials" finished-at="2024-11-08T12:32:22 IST" duration-ms="14126" status="PASS">
          <reporter-output>
            <line>
              <![CDATA[I--Test Execution Starts.....]]>
            </line>
            <line>
              <![CDATA[I--Test Execution Success.....]]>
            </line>
          </reporter-output>
        </test-method> <!-- createLeadsWithCredenials -->
        <test-method is-config="true" signature="afterMethod()[pri:0, instance:com.CRM.LeadsTest.TestScriptForLeads@5e82df6a]" started-at="2024-11-08T12:32:22 IST" name="afterMethod" finished-at="2024-11-08T12:32:24 IST" duration-ms="1927" status="PASS">
          <reporter-output>
          </reporter-output>
        </test-method> <!-- afterMethod -->
        <test-method is-config="true" signature="afterClass()[pri:0, instance:com.CRM.LeadsTest.TestScriptForLeads@5e82df6a]" started-at="2024-11-08T12:32:24 IST" name="afterClass" finished-at="2024-11-08T12:32:25 IST" duration-ms="374" status="PASS">
          <reporter-output>
          </reporter-output>
        </test-method> <!-- afterClass -->
      </class> <!-- com.CRM.LeadsTest.TestScriptForLeads -->
      <class name="com.CRM.ContactTest.TestScriptForCont">
        <test-method is-config="true" signature="beforeSuite()[pri:0, instance:com.CRM.ContactTest.TestScriptForCont@21de60b4]" started-at="2024-11-08T12:29:39 IST" name="beforeSuite" finished-at="2024-11-08T12:29:39 IST" duration-ms="239" status="PASS">
          <reporter-output>
          </reporter-output>
        </test-method> <!-- beforeSuite -->
        <test-method is-config="true" signature="beforeTest()[pri:0, instance:com.CRM.ContactTest.TestScriptForCont@21de60b4]" started-at="2024-11-08T12:29:39 IST" name="beforeTest" finished-at="2024-11-08T12:29:39 IST" duration-ms="0" status="PASS">
          <reporter-output>
          </reporter-output>
        </test-method> <!-- beforeTest -->
        <test-method is-config="true" signature="beforeClass(java.lang.String)[pri:0, instance:com.CRM.ContactTest.TestScriptForCont@21de60b4]" started-at="2024-11-08T12:29:39 IST" name="beforeClass" finished-at="2024-11-08T12:29:44 IST" duration-ms="4692" status="PASS">
          <params>
            <param index="0">
              <value>
                <![CDATA[chrome]]>
              </value>
            </param>
          </params>
          <reporter-output>
          </reporter-output>
        </test-method> <!-- beforeClass -->
        <test-method is-config="true" signature="beforeMethod()[pri:0, instance:com.CRM.ContactTest.TestScriptForCont@21de60b4]" started-at="2024-11-08T12:29:44 IST" name="beforeMethod" finished-at="2024-11-08T12:29:49 IST" duration-ms="5420" status="PASS">
          <reporter-output>
          </reporter-output>
        </test-method> <!-- beforeMethod -->
        <test-method signature="createContact()[pri:0, instance:com.CRM.ContactTest.TestScriptForCont@21de60b4]" started-at="2024-11-08T12:29:49 IST" name="createContact" finished-at="2024-11-08T12:30:05 IST" duration-ms="15774" status="PASS">
          <reporter-output>
            <line>
              <![CDATA[I--Test Execution Starts.....]]>
            </line>
            <line>
              <![CDATA[I--Test Execution Success.....]]>
            </line>
          </reporter-output>
        </test-method> <!-- createContact -->
        <test-method is-config="true" signature="afterMethod()[pri:0, instance:com.CRM.ContactTest.TestScriptForCont@21de60b4]" started-at="2024-11-08T12:30:05 IST" name="afterMethod" finished-at="2024-11-08T12:30:07 IST" duration-ms="2324" status="PASS">
          <reporter-output>
          </reporter-output>
        </test-method> <!-- afterMethod -->
        <test-method is-config="true" signature="beforeMethod()[pri:0, instance:com.CRM.ContactTest.TestScriptForCont@21de60b4]" started-at="2024-11-08T12:30:07 IST" name="beforeMethod" finished-at="2024-11-08T12:30:11 IST" duration-ms="4324" status="PASS">
          <reporter-output>
          </reporter-output>
        </test-method> <!-- beforeMethod -->
        <test-method signature="createContactWithDate()[pri:0, instance:com.CRM.ContactTest.TestScriptForCont@21de60b4]" started-at="2024-11-08T12:30:11 IST" name="createContactWithDate" finished-at="2024-11-08T12:30:24 IST" duration-ms="12785" status="PASS">
          <reporter-output>
            <line>
              <![CDATA[I--Test Execution Starts.....]]>
            </line>
            <line>
              <![CDATA[I--Test Execution Success.....]]>
            </line>
          </reporter-output>
        </test-method> <!-- createContactWithDate -->
        <test-method is-config="true" signature="afterMethod()[pri:0, instance:com.CRM.ContactTest.TestScriptForCont@21de60b4]" started-at="2024-11-08T12:30:24 IST" name="afterMethod" finished-at="2024-11-08T12:30:26 IST" duration-ms="2130" status="PASS">
          <reporter-output>
          </reporter-output>
        </test-method> <!-- afterMethod -->
        <test-method is-config="true" signature="beforeMethod()[pri:0, instance:com.CRM.ContactTest.TestScriptForCont@21de60b4]" started-at="2024-11-08T12:30:26 IST" name="beforeMethod" finished-at="2024-11-08T12:30:30 IST" duration-ms="3769" status="PASS">
          <reporter-output>
          </reporter-output>
        </test-method> <!-- beforeMethod -->
        <test-method signature="createContactWithOrgCredentials()[pri:0, instance:com.CRM.ContactTest.TestScriptForCont@21de60b4]" started-at="2024-11-08T12:30:30 IST" name="createContactWithOrgCredentials" finished-at="2024-11-08T12:31:20 IST" duration-ms="50188" status="PASS">
          <reporter-output>
            <line>
              <![CDATA[I--Test Execution Starts.....]]>
            </line>
            <line>
              <![CDATA[I--Test Execution Success.....]]>
            </line>
          </reporter-output>
        </test-method> <!-- createContactWithOrgCredentials -->
        <test-method is-config="true" signature="afterMethod()[pri:0, instance:com.CRM.ContactTest.TestScriptForCont@21de60b4]" started-at="2024-11-08T12:31:20 IST" name="afterMethod" finished-at="2024-11-08T12:31:22 IST" duration-ms="1992" status="PASS">
          <reporter-output>
          </reporter-output>
        </test-method> <!-- afterMethod -->
        <test-method is-config="true" signature="afterClass()[pri:0, instance:com.CRM.ContactTest.TestScriptForCont@21de60b4]" started-at="2024-11-08T12:31:22 IST" name="afterClass" finished-at="2024-11-08T12:31:23 IST" duration-ms="401" status="PASS">
          <reporter-output>
          </reporter-output>
        </test-method> <!-- afterClass -->
        <test-method is-config="true" signature="afterTest()[pri:0, instance:com.CRM.ContactTest.TestScriptForCont@21de60b4]" started-at="2024-11-08T12:38:09 IST" name="afterTest" finished-at="2024-11-08T12:38:09 IST" duration-ms="0" status="PASS">
          <reporter-output>
          </reporter-output>
        </test-method> <!-- afterTest -->
        <test-method is-config="true" signature="afterSuite()[pri:0, instance:com.CRM.ContactTest.TestScriptForCont@21de60b4]" started-at="2024-11-08T12:38:09 IST" name="afterSuite" finished-at="2024-11-08T12:38:09 IST" duration-ms="0" status="PASS">
          <reporter-output>
          </reporter-output>
        </test-method> <!-- afterSuite -->
      </class> <!-- com.CRM.ContactTest.TestScriptForCont -->
      <class name="com.CRM.ServicesTest.TestScriptForServices">
        <test-method is-config="true" signature="beforeClass(java.lang.String)[pri:0, instance:com.CRM.ServicesTest.TestScriptForServices@50a638b5]" started-at="2024-11-08T12:36:06 IST" name="beforeClass" finished-at="2024-11-08T12:36:07 IST" duration-ms="1316" status="PASS">
          <params>
            <param index="0">
              <value>
                <![CDATA[chrome]]>
              </value>
            </param>
          </params>
          <reporter-output>
          </reporter-output>
        </test-method> <!-- beforeClass -->
        <test-method is-config="true" signature="beforeMethod()[pri:0, instance:com.CRM.ServicesTest.TestScriptForServices@50a638b5]" started-at="2024-11-08T12:36:07 IST" name="beforeMethod" finished-at="2024-11-08T12:36:12 IST" duration-ms="5078" status="PASS">
          <reporter-output>
          </reporter-output>
        </test-method> <!-- beforeMethod -->
        <test-method signature="addServiceName()[pri:0, instance:com.CRM.ServicesTest.TestScriptForServices@50a638b5]" started-at="2024-11-08T12:36:12 IST" name="addServiceName" finished-at="2024-11-08T12:36:24 IST" duration-ms="11683" status="PASS">
          <reporter-output>
            <line>
              <![CDATA[I--Test Execution Starts.....]]>
            </line>
            <line>
              <![CDATA[Data is saved.....]]>
            </line>
            <line>
              <![CDATA[I--Test Execution Success.....]]>
            </line>
          </reporter-output>
        </test-method> <!-- addServiceName -->
        <test-method is-config="true" signature="afterMethod()[pri:0, instance:com.CRM.ServicesTest.TestScriptForServices@50a638b5]" started-at="2024-11-08T12:36:24 IST" name="afterMethod" finished-at="2024-11-08T12:36:26 IST" duration-ms="2127" status="PASS">
          <reporter-output>
          </reporter-output>
        </test-method> <!-- afterMethod -->
        <test-method is-config="true" signature="beforeMethod()[pri:0, instance:com.CRM.ServicesTest.TestScriptForServices@50a638b5]" started-at="2024-11-08T12:36:26 IST" name="beforeMethod" finished-at="2024-11-08T12:36:30 IST" duration-ms="4278" status="PASS">
          <reporter-output>
          </reporter-output>
        </test-method> <!-- beforeMethod -->
        <test-method signature="addServicesWithCredentials()[pri:0, instance:com.CRM.ServicesTest.TestScriptForServices@50a638b5]" started-at="2024-11-08T12:36:30 IST" name="addServicesWithCredentials" finished-at="2024-11-08T12:36:43 IST" duration-ms="12902" status="PASS">
          <reporter-output>
            <line>
              <![CDATA[I--Test Execution Starts.....]]>
            </line>
            <line>
              <![CDATA[Data is saved.....]]>
            </line>
            <line>
              <![CDATA[I--Test Execution Success.....]]>
            </line>
          </reporter-output>
        </test-method> <!-- addServicesWithCredentials -->
        <test-method is-config="true" signature="afterMethod()[pri:0, instance:com.CRM.ServicesTest.TestScriptForServices@50a638b5]" started-at="2024-11-08T12:36:43 IST" name="afterMethod" finished-at="2024-11-08T12:36:45 IST" duration-ms="2201" status="PASS">
          <reporter-output>
          </reporter-output>
        </test-method> <!-- afterMethod -->
        <test-method is-config="true" signature="beforeMethod()[pri:0, instance:com.CRM.ServicesTest.TestScriptForServices@50a638b5]" started-at="2024-11-08T12:36:45 IST" name="beforeMethod" finished-at="2024-11-08T12:36:49 IST" duration-ms="4195" status="PASS">
          <reporter-output>
          </reporter-output>
        </test-method> <!-- beforeMethod -->
        <test-method signature="addServiceswithDate()[pri:0, instance:com.CRM.ServicesTest.TestScriptForServices@50a638b5]" started-at="2024-11-08T12:36:49 IST" name="addServiceswithDate" finished-at="2024-11-08T12:37:02 IST" duration-ms="12829" status="PASS">
          <reporter-output>
            <line>
              <![CDATA[I--Test Execution Starts.....]]>
            </line>
            <line>
              <![CDATA[Data is saved.....]]>
            </line>
            <line>
              <![CDATA[I--Test Execution Success.....]]>
            </line>
          </reporter-output>
        </test-method> <!-- addServiceswithDate -->
        <test-method is-config="true" signature="afterMethod()[pri:0, instance:com.CRM.ServicesTest.TestScriptForServices@50a638b5]" started-at="2024-11-08T12:37:02 IST" name="afterMethod" finished-at="2024-11-08T12:37:04 IST" duration-ms="2172" status="PASS">
          <reporter-output>
          </reporter-output>
        </test-method> <!-- afterMethod -->
        <test-method is-config="true" signature="afterClass()[pri:0, instance:com.CRM.ServicesTest.TestScriptForServices@50a638b5]" started-at="2024-11-08T12:37:04 IST" name="afterClass" finished-at="2024-11-08T12:37:05 IST" duration-ms="304" status="PASS">
          <reporter-output>
          </reporter-output>
        </test-method> <!-- afterClass -->
      </class> <!-- com.CRM.ServicesTest.TestScriptForServices -->
      <class name="LearnTestNGScreenshots.TestNGScreenshot">
        <test-method signature="amazonPage()[pri:0, instance:LearnTestNGScreenshots.TestNGScreenshot@31368b99]" started-at="2024-11-08T12:38:06 IST" name="amazonPage" finished-at="2024-11-08T12:38:09 IST" duration-ms="3282" status="PASS">
          <reporter-output>
            <line>
              <![CDATA[I--Test Execution Starts.....]]>
            </line>
            <line>
              <![CDATA[I--Test Execution Success.....]]>
            </line>
          </reporter-output>
        </test-method> <!-- amazonPage -->
      </class> <!-- LearnTestNGScreenshots.TestNGScreenshot -->
      <class name="LearnConfigAnnotationsWithBaseClass.TestScriptForOrg">
        <test-method is-config="true" signature="beforeClass(java.lang.String)[pri:0, instance:LearnConfigAnnotationsWithBaseClass.TestScriptForOrg@50b472aa]" started-at="2024-11-08T12:37:44 IST" name="beforeClass" finished-at="2024-11-08T12:37:45 IST" duration-ms="1246" status="PASS">
          <params>
            <param index="0">
              <value>
                <![CDATA[chrome]]>
              </value>
            </param>
          </params>
          <reporter-output>
          </reporter-output>
        </test-method> <!-- beforeClass -->
        <test-method is-config="true" signature="beforeMethod()[pri:0, instance:LearnConfigAnnotationsWithBaseClass.TestScriptForOrg@50b472aa]" started-at="2024-11-08T12:37:45 IST" name="beforeMethod" finished-at="2024-11-08T12:37:51 IST" duration-ms="5244" status="PASS">
          <reporter-output>
          </reporter-output>
        </test-method> <!-- beforeMethod -->
        <test-method signature="executeForCreatingOrg()[pri:0, instance:LearnConfigAnnotationsWithBaseClass.TestScriptForOrg@50b472aa]" started-at="2024-11-08T12:37:51 IST" name="executeForCreatingOrg" finished-at="2024-11-08T12:37:51 IST" duration-ms="1" status="PASS">
          <reporter-output>
            <line>
              <![CDATA[I--Test Execution Starts.....]]>
            </line>
            <line>
              <![CDATA[I--Test Execution Success.....]]>
            </line>
          </reporter-output>
        </test-method> <!-- executeForCreatingOrg -->
        <test-method is-config="true" signature="afterMethod()[pri:0, instance:LearnConfigAnnotationsWithBaseClass.TestScriptForOrg@50b472aa]" started-at="2024-11-08T12:37:51 IST" name="afterMethod" finished-at="2024-11-08T12:37:56 IST" duration-ms="4942" status="PASS">
          <reporter-output>
          </reporter-output>
        </test-method> <!-- afterMethod -->
        <test-method is-config="true" signature="beforeMethod()[pri:0, instance:LearnConfigAnnotationsWithBaseClass.TestScriptForOrg@50b472aa]" started-at="2024-11-08T12:37:56 IST" name="beforeMethod" finished-at="2024-11-08T12:38:01 IST" duration-ms="5079" status="PASS">
          <reporter-output>
          </reporter-output>
        </test-method> <!-- beforeMethod -->
        <test-method signature="executeForCreatingOrgWithIndustry()[pri:0, instance:LearnConfigAnnotationsWithBaseClass.TestScriptForOrg@50b472aa]" started-at="2024-11-08T12:38:01 IST" name="executeForCreatingOrgWithIndustry" finished-at="2024-11-08T12:38:01 IST" duration-ms="0" status="PASS">
          <reporter-output>
            <line>
              <![CDATA[I--Test Execution Starts.....]]>
            </line>
            <line>
              <![CDATA[I--Test Execution Success.....]]>
            </line>
          </reporter-output>
        </test-method> <!-- executeForCreatingOrgWithIndustry -->
        <test-method is-config="true" signature="afterMethod()[pri:0, instance:LearnConfigAnnotationsWithBaseClass.TestScriptForOrg@50b472aa]" started-at="2024-11-08T12:38:01 IST" name="afterMethod" finished-at="2024-11-08T12:38:06 IST" duration-ms="5060" status="PASS">
          <reporter-output>
          </reporter-output>
        </test-method> <!-- afterMethod -->
        <test-method is-config="true" signature="afterClass()[pri:0, instance:LearnConfigAnnotationsWithBaseClass.TestScriptForOrg@50b472aa]" started-at="2024-11-08T12:38:06 IST" name="afterClass" finished-at="2024-11-08T12:38:06 IST" duration-ms="253" status="PASS">
          <reporter-output>
          </reporter-output>
        </test-method> <!-- afterClass -->
      </class> <!-- LearnConfigAnnotationsWithBaseClass.TestScriptForOrg -->
      <class name="LearnConfigAnnotationsWithBaseClass.TestScriptForContacts">
        <test-method is-config="true" signature="beforeClass(java.lang.String)[pri:0, instance:LearnConfigAnnotationsWithBaseClass.TestScriptForContacts@6ca8564a]" started-at="2024-11-08T12:37:05 IST" name="beforeClass" finished-at="2024-11-08T12:37:06 IST" duration-ms="1336" status="PASS">
          <params>
            <param index="0">
              <value>
                <![CDATA[chrome]]>
              </value>
            </param>
          </params>
          <reporter-output>
          </reporter-output>
        </test-method> <!-- beforeClass -->
        <test-method is-config="true" signature="beforeMethod()[pri:0, instance:LearnConfigAnnotationsWithBaseClass.TestScriptForContacts@6ca8564a]" started-at="2024-11-08T12:37:06 IST" name="beforeMethod" finished-at="2024-11-08T12:37:11 IST" duration-ms="5031" status="PASS">
          <reporter-output>
          </reporter-output>
        </test-method> <!-- beforeMethod -->
        <test-method retried="true" signature="executeForCreatingContact()[pri:0, instance:LearnConfigAnnotationsWithBaseClass.TestScriptForContacts@6ca8564a]" started-at="2024-11-08T12:37:11 IST" name="executeForCreatingContact" finished-at="2024-11-08T12:37:11 IST" duration-ms="13" status="SKIP">
          <exception class="java.lang.AssertionError">
            <message>
              <![CDATA[expected [HRM] but found [Administrator - Home - vtiger CRM 5 - Commercial Open Source CRM]]]>
            </message>
            <full-stacktrace>
              <![CDATA[java.lang.AssertionError: expected [HRM] but found [Administrator - Home - vtiger CRM 5 - Commercial Open Source CRM]
at org.testng.Assert.fail(Assert.java:110)
at org.testng.Assert.failNotEquals(Assert.java:1577)
at org.testng.Assert.assertEqualsImpl(Assert.java:149)
at org.testng.Assert.assertEquals(Assert.java:131)
at org.testng.Assert.assertEquals(Assert.java:655)
at org.testng.Assert.assertEquals(Assert.java:665)
at LearnConfigAnnotationsWithBaseClass.TestScriptForContacts.executeForCreatingContact(TestScriptForContacts.java:15)
at java.base/jdk.internal.reflect.NativeMethodAccessorImpl.invoke0(Native Method)
at java.base/jdk.internal.reflect.NativeMethodAccessorImpl.invoke(NativeMethodAccessorImpl.java:77)
at java.base/jdk.internal.reflect.DelegatingMethodAccessorImpl.invoke(DelegatingMethodAccessorImpl.java:43)
at java.base/java.lang.reflect.Method.invoke(Method.java:568)
at org.testng.internal.invokers.MethodInvocationHelper.invokeMethod(MethodInvocationHelper.java:139)
at org.testng.internal.invokers.TestInvoker.invokeMethod(TestInvoker.java:677)
at org.testng.internal.invokers.TestInvoker.invokeTestMethod(TestInvoker.java:221)
at org.testng.internal.invokers.MethodRunner.runInSequence(MethodRunner.java:50)
at org.testng.internal.invokers.TestInvoker$MethodInvocationAgent.invoke(TestInvoker.java:969)
at org.testng.internal.invokers.TestInvoker.invokeTestMethods(TestInvoker.java:194)
at org.testng.internal.invokers.TestMethodWorker.invokeTestMethods(TestMethodWorker.java:148)
at org.testng.internal.invokers.TestMethodWorker.run(TestMethodWorker.java:128)
at java.base/java.util.ArrayList.forEach(ArrayList.java:1511)
at org.testng.TestRunner.privateRun(TestRunner.java:829)
at org.testng.TestRunner.run(TestRunner.java:602)
at org.testng.SuiteRunner.runTest(SuiteRunner.java:437)
at org.testng.SuiteRunner.runSequentially(SuiteRunner.java:431)
at org.testng.SuiteRunner.privateRun(SuiteRunner.java:391)
at org.testng.SuiteRunner.run(SuiteRunner.java:330)
at org.testng.SuiteRunnerWorker.runSuite(SuiteRunnerWorker.java:52)
at org.testng.SuiteRunnerWorker.run(SuiteRunnerWorker.java:95)
at org.testng.TestNG.runSuitesSequentially(TestNG.java:1256)
at org.testng.TestNG.runSuitesLocally(TestNG.java:1176)
at org.testng.TestNG.runSuites(TestNG.java:1099)
at org.testng.TestNG.run(TestNG.java:1067)
at org.apache.maven.surefire.testng.TestNGExecutor.run(TestNGExecutor.java:155)
at org.apache.maven.surefire.testng.TestNGDirectoryTestSuite.executeMulti(TestNGDirectoryTestSuite.java:169)
at org.apache.maven.surefire.testng.TestNGDirectoryTestSuite.execute(TestNGDirectoryTestSuite.java:88)
at org.apache.maven.surefire.testng.TestNGProvider.invoke(TestNGProvider.java:137)
at org.apache.maven.surefire.booter.ForkedBooter.runSuitesInProcess(ForkedBooter.java:385)
at org.apache.maven.surefire.booter.ForkedBooter.execute(ForkedBooter.java:162)
at org.apache.maven.surefire.booter.ForkedBooter.run(ForkedBooter.java:507)
at org.apache.maven.surefire.booter.ForkedBooter.main(ForkedBooter.java:495)
]]>
            </full-stacktrace>
          </exception> <!-- java.lang.AssertionError -->
          <reporter-output>
            <line>
              <![CDATA[I--Test Execution Starts.....]]>
            </line>
            <line>
              <![CDATA[I--Test Execution Skipped.....]]>
            </line>
          </reporter-output>
        </test-method> <!-- executeForCreatingContact -->
        <test-method is-config="true" signature="afterMethod()[pri:0, instance:LearnConfigAnnotationsWithBaseClass.TestScriptForContacts@6ca8564a]" started-at="2024-11-08T12:37:11 IST" name="afterMethod" finished-at="2024-11-08T12:37:16 IST" duration-ms="5034" status="PASS">
          <reporter-output>
          </reporter-output>
        </test-method> <!-- afterMethod -->
        <test-method is-config="true" signature="beforeMethod()[pri:0, instance:LearnConfigAnnotationsWithBaseClass.TestScriptForContacts@6ca8564a]" started-at="2024-11-08T12:37:16 IST" name="beforeMethod" finished-at="2024-11-08T12:37:20 IST" duration-ms="4012" status="PASS">
          <reporter-output>
          </reporter-output>
        </test-method> <!-- beforeMethod -->
        <test-method retried="true" signature="executeForCreatingContact()[pri:0, instance:LearnConfigAnnotationsWithBaseClass.TestScriptForContacts@6ca8564a]" started-at="2024-11-08T12:37:20 IST" name="executeForCreatingContact" finished-at="2024-11-08T12:37:20 IST" duration-ms="18" status="SKIP">
          <exception class="java.lang.AssertionError">
            <message>
              <![CDATA[expected [HRM] but found [Administrator - Home - vtiger CRM 5 - Commercial Open Source CRM]]]>
            </message>
            <full-stacktrace>
              <![CDATA[java.lang.AssertionError: expected [HRM] but found [Administrator - Home - vtiger CRM 5 - Commercial Open Source CRM]
at org.testng.Assert.fail(Assert.java:110)
at org.testng.Assert.failNotEquals(Assert.java:1577)
at org.testng.Assert.assertEqualsImpl(Assert.java:149)
at org.testng.Assert.assertEquals(Assert.java:131)
at org.testng.Assert.assertEquals(Assert.java:655)
at org.testng.Assert.assertEquals(Assert.java:665)
at LearnConfigAnnotationsWithBaseClass.TestScriptForContacts.executeForCreatingContact(TestScriptForContacts.java:15)
at java.base/jdk.internal.reflect.NativeMethodAccessorImpl.invoke0(Native Method)
at java.base/jdk.internal.reflect.NativeMethodAccessorImpl.invoke(NativeMethodAccessorImpl.java:77)
at java.base/jdk.internal.reflect.DelegatingMethodAccessorImpl.invoke(DelegatingMethodAccessorImpl.java:43)
at java.base/java.lang.reflect.Method.invoke(Method.java:568)
at org.testng.internal.invokers.MethodInvocationHelper.invokeMethod(MethodInvocationHelper.java:139)
at org.testng.internal.invokers.TestInvoker.invokeMethod(TestInvoker.java:677)
at org.testng.internal.invokers.TestInvoker.retryFailed(TestInvoker.java:263)
at org.testng.internal.invokers.MethodRunner.runInSequence(MethodRunner.java:62)
at org.testng.internal.invokers.TestInvoker$MethodInvocationAgent.invoke(TestInvoker.java:969)
at org.testng.internal.invokers.TestInvoker.invokeTestMethods(TestInvoker.java:194)
at org.testng.internal.invokers.TestMethodWorker.invokeTestMethods(TestMethodWorker.java:148)
at org.testng.internal.invokers.TestMethodWorker.run(TestMethodWorker.java:128)
at java.base/java.util.ArrayList.forEach(ArrayList.java:1511)
at org.testng.TestRunner.privateRun(TestRunner.java:829)
at org.testng.TestRunner.run(TestRunner.java:602)
at org.testng.SuiteRunner.runTest(SuiteRunner.java:437)
at org.testng.SuiteRunner.runSequentially(SuiteRunner.java:431)
at org.testng.SuiteRunner.privateRun(SuiteRunner.java:391)
at org.testng.SuiteRunner.run(SuiteRunner.java:330)
at org.testng.SuiteRunnerWorker.runSuite(SuiteRunnerWorker.java:52)
at org.testng.SuiteRunnerWorker.run(SuiteRunnerWorker.java:95)
at org.testng.TestNG.runSuitesSequentially(TestNG.java:1256)
at org.testng.TestNG.runSuitesLocally(TestNG.java:1176)
at org.testng.TestNG.runSuites(TestNG.java:1099)
at org.testng.TestNG.run(TestNG.java:1067)
at org.apache.maven.surefire.testng.TestNGExecutor.run(TestNGExecutor.java:155)
at org.apache.maven.surefire.testng.TestNGDirectoryTestSuite.executeMulti(TestNGDirectoryTestSuite.java:169)
at org.apache.maven.surefire.testng.TestNGDirectoryTestSuite.execute(TestNGDirectoryTestSuite.java:88)
at org.apache.maven.surefire.testng.TestNGProvider.invoke(TestNGProvider.java:137)
at org.apache.maven.surefire.booter.ForkedBooter.runSuitesInProcess(ForkedBooter.java:385)
at org.apache.maven.surefire.booter.ForkedBooter.execute(ForkedBooter.java:162)
at org.apache.maven.surefire.booter.ForkedBooter.run(ForkedBooter.java:507)
at org.apache.maven.surefire.booter.ForkedBooter.main(ForkedBooter.java:495)
]]>
            </full-stacktrace>
          </exception> <!-- java.lang.AssertionError -->
          <reporter-output>
            <line>
              <![CDATA[I--Test Execution Starts.....]]>
            </line>
            <line>
              <![CDATA[I--Test Execution Skipped.....]]>
            </line>
          </reporter-output>
        </test-method> <!-- executeForCreatingContact -->
        <test-method is-config="true" signature="afterMethod()[pri:0, instance:LearnConfigAnnotationsWithBaseClass.TestScriptForContacts@6ca8564a]" started-at="2024-11-08T12:37:20 IST" name="afterMethod" finished-at="2024-11-08T12:37:25 IST" duration-ms="5003" status="PASS">
          <reporter-output>
          </reporter-output>
        </test-method> <!-- afterMethod -->
        <test-method is-config="true" signature="beforeMethod()[pri:0, instance:LearnConfigAnnotationsWithBaseClass.TestScriptForContacts@6ca8564a]" started-at="2024-11-08T12:37:25 IST" name="beforeMethod" finished-at="2024-11-08T12:37:29 IST" duration-ms="4427" status="PASS">
          <reporter-output>
          </reporter-output>
        </test-method> <!-- beforeMethod -->
        <test-method signature="executeForCreatingContact()[pri:0, instance:LearnConfigAnnotationsWithBaseClass.TestScriptForContacts@6ca8564a]" started-at="2024-11-08T12:37:29 IST" name="executeForCreatingContact" finished-at="2024-11-08T12:37:30 IST" duration-ms="15" status="FAIL">
          <exception class="java.lang.AssertionError">
            <message>
              <![CDATA[expected [HRM] but found [Administrator - Home - vtiger CRM 5 - Commercial Open Source CRM]]]>
            </message>
            <full-stacktrace>
              <![CDATA[java.lang.AssertionError: expected [HRM] but found [Administrator - Home - vtiger CRM 5 - Commercial Open Source CRM]
at org.testng.Assert.fail(Assert.java:110)
at org.testng.Assert.failNotEquals(Assert.java:1577)
at org.testng.Assert.assertEqualsImpl(Assert.java:149)
at org.testng.Assert.assertEquals(Assert.java:131)
at org.testng.Assert.assertEquals(Assert.java:655)
at org.testng.Assert.assertEquals(Assert.java:665)
at LearnConfigAnnotationsWithBaseClass.TestScriptForContacts.executeForCreatingContact(TestScriptForContacts.java:15)
at java.base/jdk.internal.reflect.NativeMethodAccessorImpl.invoke0(Native Method)
at java.base/jdk.internal.reflect.NativeMethodAccessorImpl.invoke(NativeMethodAccessorImpl.java:77)
at java.base/jdk.internal.reflect.DelegatingMethodAccessorImpl.invoke(DelegatingMethodAccessorImpl.java:43)
at java.base/java.lang.reflect.Method.invoke(Method.java:568)
at org.testng.internal.invokers.MethodInvocationHelper.invokeMethod(MethodInvocationHelper.java:139)
at org.testng.internal.invokers.TestInvoker.invokeMethod(TestInvoker.java:677)
at org.testng.internal.invokers.TestInvoker.retryFailed(TestInvoker.java:263)
at org.testng.internal.invokers.MethodRunner.runInSequence(MethodRunner.java:62)
at org.testng.internal.invokers.TestInvoker$MethodInvocationAgent.invoke(TestInvoker.java:969)
at org.testng.internal.invokers.TestInvoker.invokeTestMethods(TestInvoker.java:194)
at org.testng.internal.invokers.TestMethodWorker.invokeTestMethods(TestMethodWorker.java:148)
at org.testng.internal.invokers.TestMethodWorker.run(TestMethodWorker.java:128)
at java.base/java.util.ArrayList.forEach(ArrayList.java:1511)
at org.testng.TestRunner.privateRun(TestRunner.java:829)
at org.testng.TestRunner.run(TestRunner.java:602)
at org.testng.SuiteRunner.runTest(SuiteRunner.java:437)
at org.testng.SuiteRunner.runSequentially(SuiteRunner.java:431)
at org.testng.SuiteRunner.privateRun(SuiteRunner.java:391)
at org.testng.SuiteRunner.run(SuiteRunner.java:330)
at org.testng.SuiteRunnerWorker.runSuite(SuiteRunnerWorker.java:52)
at org.testng.SuiteRunnerWorker.run(SuiteRunnerWorker.java:95)
at org.testng.TestNG.runSuitesSequentially(TestNG.java:1256)
at org.testng.TestNG.runSuitesLocally(TestNG.java:1176)
at org.testng.TestNG.runSuites(TestNG.java:1099)
at org.testng.TestNG.run(TestNG.java:1067)
at org.apache.maven.surefire.testng.TestNGExecutor.run(TestNGExecutor.java:155)
at org.apache.maven.surefire.testng.TestNGDirectoryTestSuite.executeMulti(TestNGDirectoryTestSuite.java:169)
at org.apache.maven.surefire.testng.TestNGDirectoryTestSuite.execute(TestNGDirectoryTestSuite.java:88)
at org.apache.maven.surefire.testng.TestNGProvider.invoke(TestNGProvider.java:137)
at org.apache.maven.surefire.booter.ForkedBooter.runSuitesInProcess(ForkedBooter.java:385)
at org.apache.maven.surefire.booter.ForkedBooter.execute(ForkedBooter.java:162)
at org.apache.maven.surefire.booter.ForkedBooter.run(ForkedBooter.java:507)
at org.apache.maven.surefire.booter.ForkedBooter.main(ForkedBooter.java:495)
]]>
            </full-stacktrace>
          </exception> <!-- java.lang.AssertionError -->
          <reporter-output>
            <line>
              <![CDATA[I--Test Execution Starts.....]]>
            </line>
            <line>
              <![CDATA[I--Test Execution Fails.....]]>
            </line>
            <line>
              <![CDATA[Screenshot is Taken....]]>
            </line>
          </reporter-output>
        </test-method> <!-- executeForCreatingContact -->
        <test-method is-config="true" signature="afterMethod()[pri:0, instance:LearnConfigAnnotationsWithBaseClass.TestScriptForContacts@6ca8564a]" started-at="2024-11-08T12:37:30 IST" name="afterMethod" finished-at="2024-11-08T12:37:34 IST" duration-ms="4773" status="PASS">
          <reporter-output>
          </reporter-output>
        </test-method> <!-- afterMethod -->
        <test-method is-config="true" signature="beforeMethod()[pri:0, instance:LearnConfigAnnotationsWithBaseClass.TestScriptForContacts@6ca8564a]" started-at="2024-11-08T12:37:34 IST" name="beforeMethod" finished-at="2024-11-08T12:37:39 IST" duration-ms="4448" status="PASS">
          <reporter-output>
          </reporter-output>
        </test-method> <!-- beforeMethod -->
        <test-method signature="executeForCreatingContactWithDate()[pri:0, instance:LearnConfigAnnotationsWithBaseClass.TestScriptForContacts@6ca8564a]" started-at="2024-11-08T12:37:39 IST" name="executeForCreatingContactWithDate" finished-at="2024-11-08T12:37:39 IST" duration-ms="0" status="PASS">
          <reporter-output>
            <line>
              <![CDATA[I--Test Execution Starts.....]]>
            </line>
            <line>
              <![CDATA[I--Test Execution Success.....]]>
            </line>
          </reporter-output>
        </test-method> <!-- executeForCreatingContactWithDate -->
        <test-method is-config="true" signature="afterMethod()[pri:0, instance:LearnConfigAnnotationsWithBaseClass.TestScriptForContacts@6ca8564a]" started-at="2024-11-08T12:37:39 IST" name="afterMethod" finished-at="2024-11-08T12:37:44 IST" duration-ms="4939" status="PASS">
          <reporter-output>
          </reporter-output>
        </test-method> <!-- afterMethod -->
        <test-method is-config="true" signature="afterClass()[pri:0, instance:LearnConfigAnnotationsWithBaseClass.TestScriptForContacts@6ca8564a]" started-at="2024-11-08T12:37:44 IST" name="afterClass" finished-at="2024-11-08T12:37:44 IST" duration-ms="307" status="PASS">
          <reporter-output>
          </reporter-output>
        </test-method> <!-- afterClass -->
      </class> <!-- LearnConfigAnnotationsWithBaseClass.TestScriptForContacts -->
      <class name="com.CRM.ProductsTest.TestScriptForProducts">
        <test-method is-config="true" signature="beforeClass(java.lang.String)[pri:0, instance:com.CRM.ProductsTest.TestScriptForProducts@636be97c]" started-at="2024-11-08T12:34:58 IST" name="beforeClass" finished-at="2024-11-08T12:35:00 IST" duration-ms="1300" status="PASS">
          <params>
            <param index="0">
              <value>
                <![CDATA[chrome]]>
              </value>
            </param>
          </params>
          <reporter-output>
          </reporter-output>
        </test-method> <!-- beforeClass -->
        <test-method is-config="true" signature="beforeMethod()[pri:0, instance:com.CRM.ProductsTest.TestScriptForProducts@636be97c]" started-at="2024-11-08T12:35:00 IST" name="beforeMethod" finished-at="2024-11-08T12:35:05 IST" duration-ms="5033" status="PASS">
          <reporter-output>
          </reporter-output>
        </test-method> <!-- beforeMethod -->
        <test-method signature="addProductName()[pri:0, instance:com.CRM.ProductsTest.TestScriptForProducts@636be97c]" started-at="2024-11-08T12:35:05 IST" name="addProductName" finished-at="2024-11-08T12:35:21 IST" duration-ms="16243" status="PASS">
          <reporter-output>
            <line>
              <![CDATA[I--Test Execution Starts.....]]>
            </line>
            <line>
              <![CDATA[I--Test Execution Success.....]]>
            </line>
          </reporter-output>
        </test-method> <!-- addProductName -->
        <test-method is-config="true" signature="afterMethod()[pri:0, instance:com.CRM.ProductsTest.TestScriptForProducts@636be97c]" started-at="2024-11-08T12:35:21 IST" name="afterMethod" finished-at="2024-11-08T12:35:23 IST" duration-ms="2370" status="PASS">
          <reporter-output>
          </reporter-output>
        </test-method> <!-- afterMethod -->
        <test-method is-config="true" signature="beforeMethod()[pri:0, instance:com.CRM.ProductsTest.TestScriptForProducts@636be97c]" started-at="2024-11-08T12:35:23 IST" name="beforeMethod" finished-at="2024-11-08T12:35:28 IST" duration-ms="4469" status="PASS">
          <reporter-output>
          </reporter-output>
        </test-method> <!-- beforeMethod -->
        <test-method signature="addProductWithCredentials()[pri:0, instance:com.CRM.ProductsTest.TestScriptForProducts@636be97c]" started-at="2024-11-08T12:35:28 IST" name="addProductWithCredentials" finished-at="2024-11-08T12:35:42 IST" duration-ms="13948" status="PASS">
          <reporter-output>
            <line>
              <![CDATA[I--Test Execution Starts.....]]>
            </line>
            <line>
              <![CDATA[I--Test Execution Success.....]]>
            </line>
          </reporter-output>
        </test-method> <!-- addProductWithCredentials -->
        <test-method is-config="true" signature="afterMethod()[pri:0, instance:com.CRM.ProductsTest.TestScriptForProducts@636be97c]" started-at="2024-11-08T12:35:42 IST" name="afterMethod" finished-at="2024-11-08T12:35:44 IST" duration-ms="2282" status="PASS">
          <reporter-output>
          </reporter-output>
        </test-method> <!-- afterMethod -->
        <test-method is-config="true" signature="beforeMethod()[pri:0, instance:com.CRM.ProductsTest.TestScriptForProducts@636be97c]" started-at="2024-11-08T12:35:44 IST" name="beforeMethod" finished-at="2024-11-08T12:35:48 IST" duration-ms="4598" status="PASS">
          <reporter-output>
          </reporter-output>
        </test-method> <!-- beforeMethod -->
        <test-method signature="addProductWithDate()[pri:0, instance:com.CRM.ProductsTest.TestScriptForProducts@636be97c]" started-at="2024-11-08T12:35:48 IST" name="addProductWithDate" finished-at="2024-11-08T12:36:03 IST" duration-ms="14252" status="PASS">
          <reporter-output>
            <line>
              <![CDATA[I--Test Execution Starts.....]]>
            </line>
            <line>
              <![CDATA[I--Test Execution Success.....]]>
            </line>
          </reporter-output>
        </test-method> <!-- addProductWithDate -->
        <test-method is-config="true" signature="afterMethod()[pri:0, instance:com.CRM.ProductsTest.TestScriptForProducts@636be97c]" started-at="2024-11-08T12:36:03 IST" name="afterMethod" finished-at="2024-11-08T12:36:05 IST" duration-ms="2398" status="PASS">
          <reporter-output>
          </reporter-output>
        </test-method> <!-- afterMethod -->
        <test-method is-config="true" signature="afterClass()[pri:0, instance:com.CRM.ProductsTest.TestScriptForProducts@636be97c]" started-at="2024-11-08T12:36:05 IST" name="afterClass" finished-at="2024-11-08T12:36:06 IST" duration-ms="409" status="PASS">
          <reporter-output>
          </reporter-output>
        </test-method> <!-- afterClass -->
      </class> <!-- com.CRM.ProductsTest.TestScriptForProducts -->
      <class name="com.CRM.OrganisationTest.TestScriptForOrganisation">
        <test-method is-config="true" signature="beforeClass(java.lang.String)[pri:0, instance:com.CRM.OrganisationTest.TestScriptForOrganisation@3f197a46]" started-at="2024-11-08T12:32:25 IST" name="beforeClass" finished-at="2024-11-08T12:32:26 IST" duration-ms="1308" status="PASS">
          <params>
            <param index="0">
              <value>
                <![CDATA[chrome]]>
              </value>
            </param>
          </params>
          <reporter-output>
          </reporter-output>
        </test-method> <!-- beforeClass -->
        <test-method is-config="true" signature="beforeMethod()[pri:0, instance:com.CRM.OrganisationTest.TestScriptForOrganisation@3f197a46]" started-at="2024-11-08T12:32:26 IST" name="beforeMethod" finished-at="2024-11-08T12:32:31 IST" duration-ms="5335" status="PASS">
          <reporter-output>
          </reporter-output>
        </test-method> <!-- beforeMethod -->
        <test-method retried="true" signature="createOrg()[pri:0, instance:com.CRM.OrganisationTest.TestScriptForOrganisation@3f197a46]" started-at="2024-11-08T12:32:31 IST" name="createOrg" finished-at="2024-11-08T12:32:45 IST" duration-ms="13265" status="SKIP">
          <exception class="java.lang.AssertionError">
            <message>
              <![CDATA[The following asserts failed:
Organization is created expected [Facebook_10365] but found [Facebook_1036]]]>
            </message>
            <full-stacktrace>
              <![CDATA[java.lang.AssertionError: The following asserts failed:
Organization is created expected [Facebook_10365] but found [Facebook_1036]
at org.testng.asserts.SoftAssert.assertAll(SoftAssert.java:46)
at org.testng.asserts.SoftAssert.assertAll(SoftAssert.java:30)
at com.CRM.ObjectRepository.OrganisationInfoPage.verifyOrgName(OrganisationInfoPage.java:119)
at com.CRM.OrganisationTest.TestScriptForOrganisation.createOrg(TestScriptForOrganisation.java:33)
at java.base/jdk.internal.reflect.NativeMethodAccessorImpl.invoke0(Native Method)
at java.base/jdk.internal.reflect.NativeMethodAccessorImpl.invoke(NativeMethodAccessorImpl.java:77)
at java.base/jdk.internal.reflect.DelegatingMethodAccessorImpl.invoke(DelegatingMethodAccessorImpl.java:43)
at java.base/java.lang.reflect.Method.invoke(Method.java:568)
at org.testng.internal.invokers.MethodInvocationHelper.invokeMethod(MethodInvocationHelper.java:139)
at org.testng.internal.invokers.TestInvoker.invokeMethod(TestInvoker.java:677)
at org.testng.internal.invokers.TestInvoker.invokeTestMethod(TestInvoker.java:221)
at org.testng.internal.invokers.MethodRunner.runInSequence(MethodRunner.java:50)
at org.testng.internal.invokers.TestInvoker$MethodInvocationAgent.invoke(TestInvoker.java:969)
at org.testng.internal.invokers.TestInvoker.invokeTestMethods(TestInvoker.java:194)
at org.testng.internal.invokers.TestMethodWorker.invokeTestMethods(TestMethodWorker.java:148)
at org.testng.internal.invokers.TestMethodWorker.run(TestMethodWorker.java:128)
at java.base/java.util.ArrayList.forEach(ArrayList.java:1511)
at org.testng.TestRunner.privateRun(TestRunner.java:829)
at org.testng.TestRunner.run(TestRunner.java:602)
at org.testng.SuiteRunner.runTest(SuiteRunner.java:437)
at org.testng.SuiteRunner.runSequentially(SuiteRunner.java:431)
at org.testng.SuiteRunner.privateRun(SuiteRunner.java:391)
at org.testng.SuiteRunner.run(SuiteRunner.java:330)
at org.testng.SuiteRunnerWorker.runSuite(SuiteRunnerWorker.java:52)
at org.testng.SuiteRunnerWorker.run(SuiteRunnerWorker.java:95)
at org.testng.TestNG.runSuitesSequentially(TestNG.java:1256)
at org.testng.TestNG.runSuitesLocally(TestNG.java:1176)
at org.testng.TestNG.runSuites(TestNG.java:1099)
at org.testng.TestNG.run(TestNG.java:1067)
at org.apache.maven.surefire.testng.TestNGExecutor.run(TestNGExecutor.java:155)
at org.apache.maven.surefire.testng.TestNGDirectoryTestSuite.executeMulti(TestNGDirectoryTestSuite.java:169)
at org.apache.maven.surefire.testng.TestNGDirectoryTestSuite.execute(TestNGDirectoryTestSuite.java:88)
at org.apache.maven.surefire.testng.TestNGProvider.invoke(TestNGProvider.java:137)
at org.apache.maven.surefire.booter.ForkedBooter.runSuitesInProcess(ForkedBooter.java:385)
at org.apache.maven.surefire.booter.ForkedBooter.execute(ForkedBooter.java:162)
at org.apache.maven.surefire.booter.ForkedBooter.run(ForkedBooter.java:507)
at org.apache.maven.surefire.booter.ForkedBooter.main(ForkedBooter.java:495)
]]>
            </full-stacktrace>
          </exception> <!-- java.lang.AssertionError -->
          <reporter-output>
            <line>
              <![CDATA[I--Test Execution Starts.....]]>
            </line>
            <line>
              <![CDATA[I--Test Execution Skipped.....]]>
            </line>
          </reporter-output>
        </test-method> <!-- createOrg -->
        <test-method is-config="true" signature="afterMethod()[pri:0, instance:com.CRM.OrganisationTest.TestScriptForOrganisation@3f197a46]" started-at="2024-11-08T12:32:45 IST" name="afterMethod" finished-at="2024-11-08T12:32:47 IST" duration-ms="2285" status="PASS">
          <reporter-output>
          </reporter-output>
        </test-method> <!-- afterMethod -->
        <test-method is-config="true" signature="beforeMethod()[pri:0, instance:com.CRM.OrganisationTest.TestScriptForOrganisation@3f197a46]" started-at="2024-11-08T12:32:47 IST" name="beforeMethod" finished-at="2024-11-08T12:32:51 IST" duration-ms="4441" status="PASS">
          <reporter-output>
          </reporter-output>
        </test-method> <!-- beforeMethod -->
        <test-method retried="true" signature="createOrg()[pri:0, instance:com.CRM.OrganisationTest.TestScriptForOrganisation@3f197a46]" started-at="2024-11-08T12:32:51 IST" name="createOrg" finished-at="2024-11-08T12:33:05 IST" duration-ms="13279" status="SKIP">
          <exception class="java.lang.AssertionError">
            <message>
              <![CDATA[The following asserts failed:
Organization is created expected [Facebook_30095] but found [Facebook_3009]]]>
            </message>
            <full-stacktrace>
              <![CDATA[java.lang.AssertionError: The following asserts failed:
Organization is created expected [Facebook_30095] but found [Facebook_3009]
at org.testng.asserts.SoftAssert.assertAll(SoftAssert.java:46)
at org.testng.asserts.SoftAssert.assertAll(SoftAssert.java:30)
at com.CRM.ObjectRepository.OrganisationInfoPage.verifyOrgName(OrganisationInfoPage.java:119)
at com.CRM.OrganisationTest.TestScriptForOrganisation.createOrg(TestScriptForOrganisation.java:33)
at java.base/jdk.internal.reflect.NativeMethodAccessorImpl.invoke0(Native Method)
at java.base/jdk.internal.reflect.NativeMethodAccessorImpl.invoke(NativeMethodAccessorImpl.java:77)
at java.base/jdk.internal.reflect.DelegatingMethodAccessorImpl.invoke(DelegatingMethodAccessorImpl.java:43)
at java.base/java.lang.reflect.Method.invoke(Method.java:568)
at org.testng.internal.invokers.MethodInvocationHelper.invokeMethod(MethodInvocationHelper.java:139)
at org.testng.internal.invokers.TestInvoker.invokeMethod(TestInvoker.java:677)
at org.testng.internal.invokers.TestInvoker.retryFailed(TestInvoker.java:263)
at org.testng.internal.invokers.MethodRunner.runInSequence(MethodRunner.java:62)
at org.testng.internal.invokers.TestInvoker$MethodInvocationAgent.invoke(TestInvoker.java:969)
at org.testng.internal.invokers.TestInvoker.invokeTestMethods(TestInvoker.java:194)
at org.testng.internal.invokers.TestMethodWorker.invokeTestMethods(TestMethodWorker.java:148)
at org.testng.internal.invokers.TestMethodWorker.run(TestMethodWorker.java:128)
at java.base/java.util.ArrayList.forEach(ArrayList.java:1511)
at org.testng.TestRunner.privateRun(TestRunner.java:829)
at org.testng.TestRunner.run(TestRunner.java:602)
at org.testng.SuiteRunner.runTest(SuiteRunner.java:437)
at org.testng.SuiteRunner.runSequentially(SuiteRunner.java:431)
at org.testng.SuiteRunner.privateRun(SuiteRunner.java:391)
at org.testng.SuiteRunner.run(SuiteRunner.java:330)
at org.testng.SuiteRunnerWorker.runSuite(SuiteRunnerWorker.java:52)
at org.testng.SuiteRunnerWorker.run(SuiteRunnerWorker.java:95)
at org.testng.TestNG.runSuitesSequentially(TestNG.java:1256)
at org.testng.TestNG.runSuitesLocally(TestNG.java:1176)
at org.testng.TestNG.runSuites(TestNG.java:1099)
at org.testng.TestNG.run(TestNG.java:1067)
at org.apache.maven.surefire.testng.TestNGExecutor.run(TestNGExecutor.java:155)
at org.apache.maven.surefire.testng.TestNGDirectoryTestSuite.executeMulti(TestNGDirectoryTestSuite.java:169)
at org.apache.maven.surefire.testng.TestNGDirectoryTestSuite.execute(TestNGDirectoryTestSuite.java:88)
at org.apache.maven.surefire.testng.TestNGProvider.invoke(TestNGProvider.java:137)
at org.apache.maven.surefire.booter.ForkedBooter.runSuitesInProcess(ForkedBooter.java:385)
at org.apache.maven.surefire.booter.ForkedBooter.execute(ForkedBooter.java:162)
at org.apache.maven.surefire.booter.ForkedBooter.run(ForkedBooter.java:507)
at org.apache.maven.surefire.booter.ForkedBooter.main(ForkedBooter.java:495)
]]>
            </full-stacktrace>
          </exception> <!-- java.lang.AssertionError -->
          <reporter-output>
            <line>
              <![CDATA[I--Test Execution Starts.....]]>
            </line>
            <line>
              <![CDATA[I--Test Execution Skipped.....]]>
            </line>
          </reporter-output>
        </test-method> <!-- createOrg -->
        <test-method is-config="true" signature="afterMethod()[pri:0, instance:com.CRM.OrganisationTest.TestScriptForOrganisation@3f197a46]" started-at="2024-11-08T12:33:05 IST" name="afterMethod" finished-at="2024-11-08T12:33:07 IST" duration-ms="2344" status="PASS">
          <reporter-output>
          </reporter-output>
        </test-method> <!-- afterMethod -->
        <test-method is-config="true" signature="beforeMethod()[pri:0, instance:com.CRM.OrganisationTest.TestScriptForOrganisation@3f197a46]" started-at="2024-11-08T12:33:07 IST" name="beforeMethod" finished-at="2024-11-08T12:33:11 IST" duration-ms="4463" status="PASS">
          <reporter-output>
          </reporter-output>
        </test-method> <!-- beforeMethod -->
        <test-method signature="createOrg()[pri:0, instance:com.CRM.OrganisationTest.TestScriptForOrganisation@3f197a46]" started-at="2024-11-08T12:33:11 IST" name="createOrg" finished-at="2024-11-08T12:33:25 IST" duration-ms="13773" status="FAIL">
          <exception class="java.lang.AssertionError">
            <message>
              <![CDATA[The following asserts failed:
Organization is created expected [Facebook_60095] but found [Facebook_6009]]]>
            </message>
            <full-stacktrace>
              <![CDATA[java.lang.AssertionError: The following asserts failed:
Organization is created expected [Facebook_60095] but found [Facebook_6009]
at org.testng.asserts.SoftAssert.assertAll(SoftAssert.java:46)
at org.testng.asserts.SoftAssert.assertAll(SoftAssert.java:30)
at com.CRM.ObjectRepository.OrganisationInfoPage.verifyOrgName(OrganisationInfoPage.java:119)
at com.CRM.OrganisationTest.TestScriptForOrganisation.createOrg(TestScriptForOrganisation.java:33)
at java.base/jdk.internal.reflect.NativeMethodAccessorImpl.invoke0(Native Method)
at java.base/jdk.internal.reflect.NativeMethodAccessorImpl.invoke(NativeMethodAccessorImpl.java:77)
at java.base/jdk.internal.reflect.DelegatingMethodAccessorImpl.invoke(DelegatingMethodAccessorImpl.java:43)
at java.base/java.lang.reflect.Method.invoke(Method.java:568)
at org.testng.internal.invokers.MethodInvocationHelper.invokeMethod(MethodInvocationHelper.java:139)
at org.testng.internal.invokers.TestInvoker.invokeMethod(TestInvoker.java:677)
at org.testng.internal.invokers.TestInvoker.retryFailed(TestInvoker.java:263)
at org.testng.internal.invokers.MethodRunner.runInSequence(MethodRunner.java:62)
at org.testng.internal.invokers.TestInvoker$MethodInvocationAgent.invoke(TestInvoker.java:969)
at org.testng.internal.invokers.TestInvoker.invokeTestMethods(TestInvoker.java:194)
at org.testng.internal.invokers.TestMethodWorker.invokeTestMethods(TestMethodWorker.java:148)
at org.testng.internal.invokers.TestMethodWorker.run(TestMethodWorker.java:128)
at java.base/java.util.ArrayList.forEach(ArrayList.java:1511)
at org.testng.TestRunner.privateRun(TestRunner.java:829)
at org.testng.TestRunner.run(TestRunner.java:602)
at org.testng.SuiteRunner.runTest(SuiteRunner.java:437)
at org.testng.SuiteRunner.runSequentially(SuiteRunner.java:431)
at org.testng.SuiteRunner.privateRun(SuiteRunner.java:391)
at org.testng.SuiteRunner.run(SuiteRunner.java:330)
at org.testng.SuiteRunnerWorker.runSuite(SuiteRunnerWorker.java:52)
at org.testng.SuiteRunnerWorker.run(SuiteRunnerWorker.java:95)
at org.testng.TestNG.runSuitesSequentially(TestNG.java:1256)
at org.testng.TestNG.runSuitesLocally(TestNG.java:1176)
at org.testng.TestNG.runSuites(TestNG.java:1099)
at org.testng.TestNG.run(TestNG.java:1067)
at org.apache.maven.surefire.testng.TestNGExecutor.run(TestNGExecutor.java:155)
at org.apache.maven.surefire.testng.TestNGDirectoryTestSuite.executeMulti(TestNGDirectoryTestSuite.java:169)
at org.apache.maven.surefire.testng.TestNGDirectoryTestSuite.execute(TestNGDirectoryTestSuite.java:88)
at org.apache.maven.surefire.testng.TestNGProvider.invoke(TestNGProvider.java:137)
at org.apache.maven.surefire.booter.ForkedBooter.runSuitesInProcess(ForkedBooter.java:385)
at org.apache.maven.surefire.booter.ForkedBooter.execute(ForkedBooter.java:162)
at org.apache.maven.surefire.booter.ForkedBooter.run(ForkedBooter.java:507)
at org.apache.maven.surefire.booter.ForkedBooter.main(ForkedBooter.java:495)
]]>
            </full-stacktrace>
          </exception> <!-- java.lang.AssertionError -->
          <reporter-output>
            <line>
              <![CDATA[I--Test Execution Starts.....]]>
            </line>
            <line>
              <![CDATA[I--Test Execution Fails.....]]>
            </line>
            <line>
              <![CDATA[Screenshot is Taken....]]>
            </line>
          </reporter-output>
        </test-method> <!-- createOrg -->
        <test-method is-config="true" signature="afterMethod()[pri:0, instance:com.CRM.OrganisationTest.TestScriptForOrganisation@3f197a46]" started-at="2024-11-08T12:33:25 IST" name="afterMethod" finished-at="2024-11-08T12:33:28 IST" duration-ms="2302" status="PASS">
          <reporter-output>
          </reporter-output>
        </test-method> <!-- afterMethod -->
        <test-method is-config="true" signature="beforeMethod()[pri:0, instance:com.CRM.OrganisationTest.TestScriptForOrganisation@3f197a46]" started-at="2024-11-08T12:33:28 IST" name="beforeMethod" finished-at="2024-11-08T12:33:32 IST" duration-ms="4587" status="PASS">
          <reporter-output>
          </reporter-output>
        </test-method> <!-- beforeMethod -->
        <test-method signature="createOrgWithContact()[pri:0, instance:com.CRM.OrganisationTest.TestScriptForOrganisation@3f197a46]" started-at="2024-11-08T12:33:32 IST" name="createOrgWithContact" finished-at="2024-11-08T12:33:46 IST" duration-ms="13932" status="PASS">
          <reporter-output>
            <line>
              <![CDATA[I--Test Execution Starts.....]]>
            </line>
            <line>
              <![CDATA[I--Test Execution Success.....]]>
            </line>
          </reporter-output>
        </test-method> <!-- createOrgWithContact -->
        <test-method is-config="true" signature="afterMethod()[pri:0, instance:com.CRM.OrganisationTest.TestScriptForOrganisation@3f197a46]" started-at="2024-11-08T12:33:46 IST" name="afterMethod" finished-at="2024-11-08T12:33:49 IST" duration-ms="2457" status="PASS">
          <reporter-output>
          </reporter-output>
        </test-method> <!-- afterMethod -->
        <test-method is-config="true" signature="beforeMethod()[pri:0, instance:com.CRM.OrganisationTest.TestScriptForOrganisation@3f197a46]" started-at="2024-11-08T12:33:49 IST" name="beforeMethod" finished-at="2024-11-08T12:33:53 IST" duration-ms="4601" status="PASS">
          <reporter-output>
          </reporter-output>
        </test-method> <!-- beforeMethod -->
        <test-method signature="createOrgWithCredentials()[pri:0, instance:com.CRM.OrganisationTest.TestScriptForOrganisation@3f197a46]" started-at="2024-11-08T12:33:53 IST" name="createOrgWithCredentials" finished-at="2024-11-08T12:34:07 IST" duration-ms="14010" status="PASS">
          <reporter-output>
            <line>
              <![CDATA[I--Test Execution Starts.....]]>
            </line>
            <line>
              <![CDATA[I--Test Execution Success.....]]>
            </line>
          </reporter-output>
        </test-method> <!-- createOrgWithCredentials -->
        <test-method is-config="true" signature="afterMethod()[pri:0, instance:com.CRM.OrganisationTest.TestScriptForOrganisation@3f197a46]" started-at="2024-11-08T12:34:07 IST" name="afterMethod" finished-at="2024-11-08T12:34:09 IST" duration-ms="2096" status="PASS">
          <reporter-output>
          </reporter-output>
        </test-method> <!-- afterMethod -->
        <test-method is-config="true" signature="beforeMethod()[pri:0, instance:com.CRM.OrganisationTest.TestScriptForOrganisation@3f197a46]" started-at="2024-11-08T12:34:09 IST" name="beforeMethod" finished-at="2024-11-08T12:34:14 IST" duration-ms="4623" status="PASS">
          <reporter-output>
          </reporter-output>
        </test-method> <!-- beforeMethod -->
        <test-method signature="deleteOrg()[pri:0, instance:com.CRM.OrganisationTest.TestScriptForOrganisation@3f197a46]" started-at="2024-11-08T12:34:14 IST" name="deleteOrg" finished-at="2024-11-08T12:34:52 IST" duration-ms="38106" status="PASS">
          <reporter-output>
            <line>
              <![CDATA[I--Test Execution Starts.....]]>
            </line>
            <line>
              <![CDATA[Organisation deleted Successfully.......]]>
            </line>
            <line>
              <![CDATA[I--Test Execution Success.....]]>
            </line>
          </reporter-output>
        </test-method> <!-- deleteOrg -->
        <test-method is-config="true" signature="afterMethod()[pri:0, instance:com.CRM.OrganisationTest.TestScriptForOrganisation@3f197a46]" started-at="2024-11-08T12:34:52 IST" name="afterMethod" finished-at="2024-11-08T12:34:58 IST" duration-ms="5645" status="PASS">
          <reporter-output>
          </reporter-output>
        </test-method> <!-- afterMethod -->
        <test-method is-config="true" signature="afterClass()[pri:0, instance:com.CRM.OrganisationTest.TestScriptForOrganisation@3f197a46]" started-at="2024-11-08T12:34:58 IST" name="afterClass" finished-at="2024-11-08T12:34:58 IST" duration-ms="406" status="PASS">
          <reporter-output>
          </reporter-output>
        </test-method> <!-- afterClass -->
      </class> <!-- com.CRM.OrganisationTest.TestScriptForOrganisation -->
    </test> <!-- Surefire test -->
  </suite> <!-- Surefire suite -->
</testng-results>
